<?xml version="1.0" encoding="UTF-8"?>
<!-- Generated by org.testng.reporters.JUnitReportReporter -->
<testsuite hostname="DESKTOP-9B9M95V" failures="0" tests="5" name="com.automation.APITestFramework.testCase.CreateCustomerTest" time="3.626" errors="0" timestamp="2020-06-07T21:16:09 EDT" skipped="0">
  <testcase classname="com.automation.APITestFramework.testCase.CreateCustomerTest" name="validateCreatedCustomerAPI" time="0.635"/>
  <system-out/>
  <testcase classname="com.automation.APITestFramework.testCase.CreateCustomerTest" name="validateCreatedCustomerAPI" time="0.630"/>
  <system-out/>
  <testcase classname="com.automation.APITestFramework.testCase.CreateCustomerTest" name="validateCreatedCustomerAPI" time="0.611"/>
  <system-out/>
  <testcase classname="com.automation.APITestFramework.testCase.CreateCustomerTest" name="validateCreatedCustomerAPI" time="0.624"/>
  <system-out/>
  <testcase classname="com.automation.APITestFramework.testCase.CreateCustomerTest" name="invalidateCreatedCustomerAPI" time="1.126"/>
  <system-out/>
</testsuite> <!-- com.automation.APITestFramework.testCase.CreateCustomerTest -->
