<?xml version="1.0" encoding="UTF-8"?>
<!-- Generated by org.testng.reporters.JUnitReportReporter -->
<testsuite hostname="DESKTOP-9B9M95V" failures="0" tests="5" name="com.automation.APITestFramework.testCase.CreateCustomerTest" time="5.411" errors="0" timestamp="2020-06-04T17:00:12 EDT" skipped="0">
  <testcase classname="com.automation.APITestFramework.testCase.CreateCustomerTest" name="validateCreatedCustomerAPI" time="0.568"/>
  <system-out/>
  <testcase classname="com.automation.APITestFramework.testCase.CreateCustomerTest" name="validateCreatedCustomerAPI" time="0.829"/>
  <system-out/>
  <testcase classname="com.automation.APITestFramework.testCase.CreateCustomerTest" name="invalidateCreatedCustomerAPI" time="2.883"/>
  <system-out/>
  <testcase classname="com.automation.APITestFramework.testCase.CreateCustomerTest" name="validateCreatedCustomerAPI" time="0.553"/>
  <system-out/>
  <testcase classname="com.automation.APITestFramework.testCase.CreateCustomerTest" name="validateCreatedCustomerAPI" time="0.578"/>
  <system-out/>
</testsuite> <!-- com.automation.APITestFramework.testCase.CreateCustomerTest -->
